<?xml version="1.0" encoding="UTF-8"?>
<!-- Generated by org.testng.reporters.JUnitReportReporter -->
<testsuite skipped="0" hostname="LAPTOP-SET57JNS" name="com.cjc.Demo" tests="1" failures="0" timestamp="06 Oct 2020 09:04:29 GMT" time="4.540" errors="0">
  <testcase name="getDetails" time="4.540" classname="com.cjc.Demo"/>
</testsuite> <!-- com.cjc.Demo -->
